<?xml version="1.0" encoding="UTF-8"?>
<!-- Generated by org.testng.reporters.JUnitXMLReporter -->
<testsuite ignored="0" hostname="DESKTOP-VP49CP5" failures="0" tests="4" name="Test" time="0.67" errors="0" timestamp="2023-08-18T11:43:38 IST">
  <testcase classname="contacts.DemoData" name="demo" time="0.008"/>
  <testcase classname="contacts.DemoData" name="demo" time="0.001"/>
  <testcase classname="contacts.DemoData" name="demo" time="0.001"/>
  <testcase classname="contacts.DemoData" name="demo" time="0.001"/>
</testsuite> <!-- Test -->
