<?xml version="1.0" encoding="UTF-8"?>
<testng-results ignored="0" total="1" passed="1" failed="0" skipped="0">
  <reporter-output>
  </reporter-output>
  <suite started-at="2023-08-22T21:11:34 IST" name="Default suite" finished-at="2023-08-22T21:12:01 IST" duration-ms="26763">
    <groups>
    </groups>
    <test started-at="2023-08-22T21:11:34 IST" name="Default test" finished-at="2023-08-22T21:12:01 IST" duration-ms="26763">
      <class name="contacts.FT_CONTACTS_01_Test">
        <test-method is-config="true" signature="launchingBrowser()[pri:0, instance:contacts.FT_CONTACTS_01_Test@5b1669c0]" started-at="2023-08-22T21:11:34 IST" name="launchingBrowser" finished-at="2023-08-22T21:11:38 IST" duration-ms="4355" status="PASS">
          <reporter-output>
          </reporter-output>
        </test-method> <!-- launchingBrowser -->
        <test-method is-config="true" signature="navigatingtoApplication()[pri:0, instance:contacts.FT_CONTACTS_01_Test@5b1669c0]" started-at="2023-08-22T21:11:38 IST" name="navigatingtoApplication" finished-at="2023-08-22T21:11:42 IST" duration-ms="3317" status="PASS">
          <reporter-output>
          </reporter-output>
        </test-method> <!-- navigatingtoApplication -->
        <test-method signature="Creating_a_contact_with_valid_details_ft()[pri:0, instance:contacts.FT_CONTACTS_01_Test@5b1669c0]" started-at="2023-08-22T21:11:42 IST" name="Creating_a_contact_with_valid_details_ft" finished-at="2023-08-22T21:11:58 IST" duration-ms="15823" status="PASS">
          <reporter-output>
          </reporter-output>
        </test-method> <!-- Creating_a_contact_with_valid_details_ft -->
        <test-method is-config="true" signature="signOutFromApplication()[pri:0, instance:contacts.FT_CONTACTS_01_Test@5b1669c0]" started-at="2023-08-22T21:11:58 IST" name="signOutFromApplication" finished-at="2023-08-22T21:11:59 IST" duration-ms="1798" status="PASS">
          <reporter-output>
          </reporter-output>
        </test-method> <!-- signOutFromApplication -->
        <test-method is-config="true" signature="closingTheBrowser()[pri:0, instance:contacts.FT_CONTACTS_01_Test@5b1669c0]" started-at="2023-08-22T21:11:59 IST" name="closingTheBrowser" finished-at="2023-08-22T21:12:01 IST" duration-ms="1404" status="PASS">
          <reporter-output>
          </reporter-output>
        </test-method> <!-- closingTheBrowser -->
      </class> <!-- contacts.FT_CONTACTS_01_Test -->
    </test> <!-- Default test -->
  </suite> <!-- Default suite -->
</testng-results>
