# JRE version: OpenJDK Runtime Environment Temurin-17.0.7+7 (17.0.7+7) (build 17.0.7+7)
# Java VM: OpenJDK 64-Bit Server VM Temurin-17.0.7+7 (17.0.7+7, mixed mode, tiered, compressed oops, compressed class ptrs, g1 gc, windows-amd64)
GC Precious Log:
 CPUs: 8 total, 8 available
 Memory: 3854M
 Large Page Support: Disabled
 NUMA Support: Disabled
 Compressed Oops: Enabled (32-bit)
 Heap Region Size: 1M
 Heap Min Capacity: 8M
 Heap Initial Capacity: 62M
 Heap Max Capacity: 964M
 Pre-touch: Disabled
 Parallel Workers: 8
 Concurrent Workers: 2
 Concurrent Refinement Workers: 8
 Periodic GC: Disabled
Heap:
 garbage-first heap   total 55296K, used 18408K [0x00000000c3c00000, 0x0000000100000000)
  region size 1024K, 10 young (10240K), 4 survivors (4096K)
 Metaspace       used 30719K, committed 31040K, reserved 1114112K
  class space    used 3212K, committed 3392K, reserved 1048576K
GC Heap History (18 events):
Event: 1.100 GC heap before
{Heap before GC invocations=0 (full 0):
 garbage-first heap   total 63488K, used 23552K [0x00000000c3c00000, 0x0000000100000000)
  region size 1024K, 23 young (23552K), 0 survivors (0K)
 Metaspace       used 15294K, committed 15424K, reserved 1114112K
  class space    used 1520K, committed 1600K, reserved 1048576K
}
Event: 1.115 GC heap after
{Heap after GC invocations=1 (full 0):
 garbage-first heap   total 63488K, used 4448K [0x00000000c3c00000, 0x0000000100000000)
  region size 1024K, 3 young (3072K), 3 survivors (3072K)
 Metaspace       used 15294K, committed 15424K, reserved 1114112K
  class space    used 1520K, committed 1600K, reserved 1048576K
}
Event: 1.872 GC heap before
{Heap before GC invocations=1 (full 0):
 garbage-first heap   total 63488K, used 29024K [0x00000000c3c00000, 0x0000000100000000)
  region size 1024K, 28 young (28672K), 3 survivors (3072K)
 Metaspace       used 18373K, committed 18496K, reserved 1114112K
  class space    used 1904K, committed 1984K, reserved 1048576K
}
Event: 1.878 GC heap after
{Heap after GC invocations=2 (full 0):
 garbage-first heap   total 63488K, used 5589K [0x00000000c3c00000, 0x0000000100000000)
  region size 1024K, 2 young (2048K), 2 survivors (2048K)
 Metaspace       used 18373K, committed 18496K, reserved 1114112K
  class space    used 1904K, committed 1984K, reserved 1048576K
}
Event: 2.252 GC heap before
{Heap before GC invocations=2 (full 0):
 garbage-first heap   total 63488K, used 20949K [0x00000000c3c00000, 0x0000000100000000)
  region size 1024K, 18 young (18432K), 2 survivors (2048K)
 Metaspace       used 21345K, committed 21504K, reserved 1114112K
  class space    used 2294K, committed 2368K, reserved 1048576K
}
Event: 2.257 GC heap after
{Heap after GC invocations=3 (full 0):
 garbage-first heap   total 63488K, used 6941K [0x00000000c3c00000, 0x0000000100000000)
  region size 1024K, 3 young (3072K), 3 survivors (3072K)
 Metaspace       used 21345K, committed 21504K, reserved 1114112K
  class space    used 2294K, committed 2368K, reserved 1048576K
}
Event: 2.758 GC heap before
{Heap before GC invocations=4 (full 0):
 garbage-first heap   total 30720K, used 22301K [0x00000000c3c00000, 0x0000000100000000)
  region size 1024K, 18 young (18432K), 3 survivors (3072K)
 Metaspace       used 24737K, committed 25024K, reserved 1114112K
  class space    used 2677K, committed 2816K, reserved 1048576K
}
Event: 2.769 GC heap after
{Heap after GC invocations=5 (full 0):
 garbage-first heap   total 30720K, used 8306K [0x00000000c3c00000, 0x0000000100000000)
  region size 1024K, 3 young (3072K), 3 survivors (3072K)
 Metaspace       used 24737K, committed 25024K, reserved 1114112K
  class space    used 2677K, committed 2816K, reserved 1048576K
}
Event: 2.790 GC heap before
{Heap before GC invocations=5 (full 0):
 garbage-first heap   total 30720K, used 9330K [0x00000000c3c00000, 0x0000000100000000)
  region size 1024K, 4 young (4096K), 3 survivors (3072K)
 Metaspace       used 24760K, committed 25024K, reserved 1114112K
  class space    used 2678K, committed 2816K, reserved 1048576K
}
Event: 2.796 GC heap after
{Heap after GC invocations=6 (full 0):
 garbage-first heap   total 30720K, used 8531K [0x00000000c3c00000, 0x0000000100000000)
  region size 1024K, 1 young (1024K), 1 survivors (1024K)
 Metaspace       used 24760K, committed 25024K, reserved 1114112K
  class space    used 2678K, committed 2816K, reserved 1048576K
}
Event: 2.996 GC heap before
{Heap before GC invocations=6 (full 0):
 garbage-first heap   total 30720K, used 21843K [0x00000000c3c00000, 0x0000000100000000)
  region size 1024K, 14 young (14336K), 1 survivors (1024K)
 Metaspace       used 25081K, committed 25280K, reserved 1114112K
  class space    used 2695K, committed 2816K, reserved 1048576K
}
Event: 2.998 GC heap after
{Heap after GC invocations=7 (full 0):
 garbage-first heap   total 55296K, used 9192K [0x00000000c3c00000, 0x0000000100000000)
  region size 1024K, 2 young (2048K), 2 survivors (2048K)
 Metaspace       used 25081K, committed 25280K, reserved 1114112K
  class space    used 2695K, committed 2816K, reserved 1048576K
}
Event: 3.394 GC heap before
{Heap before GC invocations=7 (full 0):
 garbage-first heap   total 55296K, used 38888K [0x00000000c3c00000, 0x0000000100000000)
  region size 1024K, 31 young (31744K), 2 survivors (2048K)
 Metaspace       used 25930K, committed 26176K, reserved 1114112K
  class space    used 2764K, committed 2880K, reserved 1048576K
}
Event: 3.398 GC heap after
{Heap after GC invocations=8 (full 0):
 garbage-first heap   total 55296K, used 10682K [0x00000000c3c00000, 0x0000000100000000)
  region size 1024K, 3 young (3072K), 3 survivors (3072K)
 Metaspace       used 25930K, committed 26176K, reserved 1114112K
  class space    used 2764K, committed 2880K, reserved 1048576K
}
Event: 3.879 GC heap before
{Heap before GC invocations=8 (full 0):
 garbage-first heap   total 55296K, used 39354K [0x00000000c3c00000, 0x0000000100000000)
  region size 1024K, 31 young (31744K), 3 survivors (3072K)
 Metaspace       used 27295K, committed 27584K, reserved 1114112K
  class space    used 2869K, committed 3008K, reserved 1048576K
}
Event: 3.885 GC heap after
{Heap after GC invocations=9 (full 0):
 garbage-first heap   total 55296K, used 12595K [0x00000000c3c00000, 0x0000000100000000)
  region size 1024K, 4 young (4096K), 4 survivors (4096K)
 Metaspace       used 27295K, committed 27584K, reserved 1114112K
  class space    used 2869K, committed 3008K, reserved 1048576K
}
Event: 4.457 GC heap before
{Heap before GC invocations=9 (full 0):
 garbage-first heap   total 55296K, used 40243K [0x00000000c3c00000, 0x0000000100000000)
  region size 1024K, 31 young (31744K), 4 survivors (4096K)
 Metaspace       used 30259K, committed 30528K, reserved 1114112K
  class space    used 3171K, committed 3328K, reserved 1048576K
}
Event: 4.463 GC heap after
{Heap after GC invocations=10 (full 0):
 garbage-first heap   total 55296K, used 14312K [0x00000000c3c00000, 0x0000000100000000)
  region size 1024K, 4 young (4096K), 4 survivors (4096K)
 Metaspace       used 30259K, committed 30528K, reserved 1114112K
  class space    used 3171K, committed 3328K, reserved 1048576K
}

